Arguments: 
  C:\Program Files\nodejs\node.exe C:\Users\Rahat Hasan Dipto\AppData\Roaming\npm\node_modules\yarn\bin\yarn.js add express dotenc cors

PATH: 
  C:\Users\Rahat Hasan Dipto\bin;C:\Program Files\Git\mingw64\bin;C:\Program Files\Git\usr\local\bin;C:\Program Files\Git\usr\bin;C:\Program Files\Git\usr\bin;C:\Program Files\Git\mingw64\bin;C:\Program Files\Git\usr\bin;C:\Users\Rahat Hasan Dipto\bin;C:\WINDOWS\system32;C:\WINDOWS;C:\WINDOWS\System32\Wbem;C:\WINDOWS\System32\WindowsPowerShell\v1.0;C:\WINDOWS\System32\OpenSSH;C:\Program Files\Git\cmd;%NVM_HOME%;%NVM_SYMLINK%;C:\Users\Rahat Hasan Dipto\AppData\Local\Programs\Python\Launcher;C:\Users\Rahat Hasan Dipto\AppData\Local\Microsoft\WindowsApps;C:\Users\Rahat Hasan Dipto\AppData\Roaming\npm;C:\Users\Rahat Hasan Dipto\AppData\Roaming\nvm;C:\Program Files\nodejs;C:\Users\Rahat Hasan Dipto\AppData\Local\Programs\Microsoft VS Code\bin;C:\Program Files\Git\usr\bin\vendor_perl;C:\Program Files\Git\usr\bin\core_perl

Yarn version: 
  1.22.19

Node version: 
  18.16.0

Platform: 
  win32 x64

Trace: 
  Error: https://registry.yarnpkg.com/dotenc: Not found
      at params.callback [as _callback] (C:\Users\Rahat Hasan Dipto\AppData\Roaming\npm\node_modules\yarn\lib\cli.js:66145:18)
      at self.callback (C:\Users\Rahat Hasan Dipto\AppData\Roaming\npm\node_modules\yarn\lib\cli.js:140890:22)
      at Request.emit (node:events:513:28)
      at Request.<anonymous> (C:\Users\Rahat Hasan Dipto\AppData\Roaming\npm\node_modules\yarn\lib\cli.js:141862:10)
      at Request.emit (node:events:513:28)
      at IncomingMessage.<anonymous> (C:\Users\Rahat Hasan Dipto\AppData\Roaming\npm\node_modules\yarn\lib\cli.js:141784:12)
      at Object.onceWrapper (node:events:627:28)
      at IncomingMessage.emit (node:events:525:35)
      at endReadableNT (node:internal/streams/readable:1359:12)
      at process.processTicksAndRejections (node:internal/process/task_queues:82:21)

npm manifest: 
  {
     "name": "server",
     "version": "1.0.0",
     "main": "index.js",
     "author": "siam al rafi",
     "license": "MIT"
  }

yarn manifest: 
  No manifest

Lockfile: 
  No lockfile
